<?xml version="1.0" encoding="UTF-8"?>
<testsuite name="com.vwap.calculator.CalculatorTest" tests="4" skipped="0" failures="0" errors="0" timestamp="2025-04-01T06:21:21" hostname="JULIANS-PC" time="0.03">
  <properties/>
  <testcase name="testOneHourWindow" classname="com.vwap.calculator.CalculatorTest" time="0.026"/>
  <testcase name="testSingleCurrencyPair" classname="com.vwap.calculator.CalculatorTest" time="0.001"/>
  <testcase name="testEmptyData" classname="com.vwap.calculator.CalculatorTest" time="0.001"/>
  <testcase name="testMultipleCurrencyPairs" classname="com.vwap.calculator.CalculatorTest" time="0.001"/>
  <system-out><![CDATA[]]></system-out>
  <system-err><![CDATA[now: 2025-04-01T06:21:21.643922400Z
Apr 01, 2025 5:21:21 PM com.vwap.calculator.Calculator addPriceUpdate
INFO: VWAP for EUR/USD: 1.1
Apr 01, 2025 5:21:21 PM com.vwap.calculator.Calculator addPriceUpdate
INFO: VWAP for EUR/USD: 1.095
Apr 01, 2025 5:21:21 PM com.vwap.calculator.Calculator addPriceUpdate
INFO: VWAP for EUR/USD: 1.1
Apr 01, 2025 5:21:21 PM com.vwap.calculator.Calculator addPriceUpdate
INFO: VWAP for EUR/USD: 1.1667
Apr 01, 2025 5:21:21 PM com.vwap.calculator.Calculator addPriceUpdate
INFO: VWAP for EUR/USD: 1.1
Apr 01, 2025 5:21:21 PM com.vwap.calculator.Calculator addPriceUpdate
INFO: VWAP for GBP/USD: 1.3
]]></system-err>
</testsuite>
